
BEFORE
rank 0: 13
rank 0: 15
rank 0: 8
rank 0: 11
rank 0: 19
rank 0: 5
rank 1: 3
rank 1: 18
rank 1: 6
rank 1: 16
rank 1: 22
rank 1: 0
rank 2: 15
rank 2: 6
rank 2: 17
rank 2: 8
rank 2: 22
rank 2: 7
rank 3: 2
rank 3: 9
rank 3: 7
rank 3: 13
rank 3: 9
rank 3: 15
rank 4: 10
rank 4: 2
rank 4: 9
rank 4: 18
rank 4: 7
rank 4: 7
rank 5: 1
rank 5: 9
rank 5: 20
rank 5: 23
rank 5: 5
rank 5: 12
rank 6: 3
rank 6: 4
rank 6: 20
rank 6: 11
rank 6: 7
rank 6: 13
rank 7: 17
rank 7: 4
rank 7: 21
rank 7: 20
rank 7: 1
rank 8: 17
rank 8: 3
rank 8: 23
rank 8: 23
rank 8: 12
rank 9: 18
rank 9: 23
rank 9: 23
rank 9: 13
rank 9: 12
rank 10: 24
rank 10: 10
rank 10: 7
rank 10: 23
rank 10: 8
rank 11: 8
rank 11: 15
rank 11: 6
rank 11: 20
rank 11: 11

AFTER
rank 0: 3
rank 0: 18
rank 0: 6
rank 0: 16
rank 0: 22
rank 0: 0
rank 1: 15
rank 1: 6
rank 1: 17
rank 1: 8
rank 1: 22
rank 1: 7
rank 2: 2
rank 2: 9
rank 2: 7
rank 2: 13
rank 2: 9
rank 2: 15
rank 3: 10
rank 3: 2
rank 3: 9
rank 3: 18
rank 3: 7
rank 3: 7
rank 4: 1
rank 4: 9
rank 4: 20
rank 4: 23
rank 4: 5
rank 4: 12
rank 5: 3
rank 5: 4
rank 5: 20
rank 5: 11
rank 5: 7
rank 5: 13
rank 6: 17
rank 6: 4
rank 6: 21
rank 6: 20
rank 6: 1
rank 7: 17
rank 7: 3
rank 7: 23
rank 7: 23
rank 7: 12
rank 8: 18
rank 8: 23
rank 8: 23
rank 8: 13
rank 8: 12
rank 9: 24
rank 9: 10
rank 9: 7
rank 9: 23
rank 9: 8
rank 10: 8
rank 10: 15
rank 10: 6
rank 10: 20
rank 10: 11
rank 11: 13
rank 11: 15
rank 11: 8
rank 11: 11
rank 11: 19
rank 11: 5
rank[0]:	 frequency = 2666889497/s 
rank[1]:	 frequency = 2666899777/s 
rank[2]:	 frequency = 2666965754/s 
rank[3]:	 frequency = 2666881200/s 
rank[4]:	 frequency = 2666952644/s 
rank[5]:	 frequency = 2666911449/s 
rank[6]:	 frequency = 2666914218/s 
rank[7]:	 frequency = 2666927998/s 
rank[8]:	 frequency = 2666909534/s 
rank[9]:	 frequency = 2666917084/s 
rank[10]:	 frequency = 2666927314/s 
rank[11]:	 frequency = 2666926057/s 
[Score-P] ../src/services/timer/SCOREP_Timer.c:328: Warning: Calculated timer (tsc) frequencies differ between processes by more than 0.000001% (avg_frequency = 2666918543.833333/s; stddev * stddev = 577927726.545455/s; threshold = 0.000000%). Consider using a timer with a fixed frequency like gettimeofday or clock_gettime or prolong the measurement duration.
